
> @philips-internal/emr-tasy@0.0.0 dev
> gulp dev --environment local --modules corsis

[14:23:10] Using gulpfile ~/HTML5/gitprojects/emr-tasy-frontend/gulpfile.js
[14:23:10] Starting 'dev'...
[14:23:10] Starting 'disableSnapshots'...
[14:23:10] Finished 'disableSnapshots' after 1.27 ms
[14:23:10] Starting 'cleanTask'...
[14:23:10] Finished 'cleanTask' after 42 ms
[14:23:10] Starting 'codegenTask'...
[14:23:10] Finished 'codegenTask' after 76 ms
[14:23:10] Starting 'stylesTask'...
gulp-autoprefixer: 
  autoprefixer: /home/vauotto/HTML5/gitprojects/emr-tasy-frontend/src/app/home/loaders/local.css:1784:9: Second Autoprefixer control comment was ignored. Autoprefixer applies control comment to whole block, not to next rules.
gulp-autoprefixer: 
  autoprefixer: /home/vauotto/HTML5/gitprojects/emr-tasy-frontend/src/app/home/loaders/local-rtl.css:1784:9: Second Autoprefixer control comment was ignored. Autoprefixer applies control comment to whole block, not to next rules.
  autoprefixer: /home/vauotto/HTML5/gitprojects/emr-tasy-frontend/src/app/home/loaders/local-rtl.css:24702:9: Second Autoprefixer control comment was ignored. Autoprefixer applies control comment to whole block, not to next rules.
[14:23:25] Finished 'stylesTask' after 15 s
[14:23:25] Starting 'devTask'...
c<i> [webpack-dev-server] [HPM] Proxy created: /TasyAppServer  -> http://localhost:8084
<i> [webpack-dev-server] Project is running at:
<i> [webpack-dev-server] Loopback: http://localhost:3000/
<i> [webpack-dev-server] On Your Network (IPv4): http://172.22.41.201:3000/
<i> [webpack-dev-server] Content not from webpack is served from '/home/vauotto/HTML5/gitprojects/emr-tasy-frontend/dist, /home/vauotto/HTML5/gitprojects/emr-tasy-frontend/src' directory
<i> [webpack-dev-middleware] wait until bundle finished: /
[14:25:07] Finished 'devTask' after 1.69 min
[14:25:07] Finished 'dev' after 1.94 min
Hash: 6842f968a23709597da6
Version: webpack 4.47.0
Time: 99841ms
Built at: 02/06/2025 2:25:05 PM
                                                  Asset       Size                               Chunks                   Chunk Names
                                       configuration.js  170 bytes                                       [emitted]        
                                             index.html  939 bytes                                       [emitted]        
                           maps/scripts/CorSegF6.js.map   55.1 KiB                             CorSegF6  [emitted] [dev]  CorSegF6
                           maps/scripts/CorSisAC.js.map    144 KiB                             CorSisAC  [emitted] [dev]  CorSisAC
                           maps/scripts/CorSisAI.js.map    149 KiB                             CorSisAI  [emitted] [dev]  CorSisAI
                           maps/scripts/CorSisBS.js.map   20.4 KiB                             CorSisBS  [emitted] [dev]  CorSisBS
                           maps/scripts/CorSisCM.js.map   54.6 KiB                             CorSisCM  [emitted] [dev]  CorSisCM
                           maps/scripts/CorSisCO.js.map    186 KiB                             CorSisCO  [emitted] [dev]  CorSisCO
                           maps/scripts/CorSisDM.js.map     80 KiB                             CorSisDM  [emitted] [dev]  CorSisDM
                           maps/scripts/CorSisE1.js.map     28 KiB                             CorSisE1  [emitted] [dev]  CorSisE1
                           maps/scripts/CorSisES.js.map     25 KiB                             CorSisES  [emitted] [dev]  CorSisES
                           maps/scripts/CorSisEX.js.map    118 KiB                             CorSisEX  [emitted] [dev]  CorSisEX
                           maps/scripts/CorSisF8.js.map    271 KiB                             CorSisF8  [emitted] [dev]  CorSisF8
                           maps/scripts/CorSisFA.js.map   52.5 KiB                             CorSisFA  [emitted] [dev]  CorSisFA
                           maps/scripts/CorSisFD.js.map    172 KiB                             CorSisFD  [emitted] [dev]  CorSisFD
                           maps/scripts/CorSisFN.js.map    190 KiB                             CorSisFN  [emitted] [dev]  CorSisFN
                           maps/scripts/CorSisFO.js.map   1.79 MiB                             CorSisFO  [emitted] [dev]  CorSisFO
                           maps/scripts/CorSisFP.js.map   10.4 KiB                             CorSisFP  [emitted] [dev]  CorSisFP
                           maps/scripts/CorSisGC.js.map    298 KiB                             CorSisGC  [emitted] [dev]  CorSisGC
                           maps/scripts/CorSisGD.js.map    753 KiB                             CorSisGD  [emitted] [dev]  CorSisGD
                           maps/scripts/CorSisGI.js.map   60.8 KiB                             CorSisGI  [emitted] [dev]  CorSisGI
                           maps/scripts/CorSisIG.js.map   64.3 KiB                             CorSisIG  [emitted] [dev]  CorSisIG
                           maps/scripts/CorSisIN.js.map   7.07 KiB                             CorSisIN  [emitted] [dev]  CorSisIN
                           maps/scripts/CorSisKM.js.map   37.3 KiB                             CorSisKM  [emitted] [dev]  CorSisKM
                           maps/scripts/CorSisLM.js.map    207 KiB                             CorSisLM  [emitted] [dev]  CorSisLM
                           maps/scripts/CorSisMA.js.map   62.4 KiB                             CorSisMA  [emitted] [dev]  CorSisMA
                           maps/scripts/CorSisMX.js.map    281 KiB                             CorSisMX  [emitted] [dev]  CorSisMX
                           maps/scripts/CorSisPS.js.map   24.2 KiB                             CorSisPS  [emitted] [dev]  CorSisPS
                           maps/scripts/CorSisPW.js.map   59.5 KiB                             CorSisPW  [emitted] [dev]  CorSisPW
                           maps/scripts/CorSisRU.js.map   12.2 KiB                             CorSisRU  [emitted] [dev]  CorSisRU
                           maps/scripts/CorSisSL.js.map   29.7 KiB                             CorSisSL  [emitted] [dev]  CorSisSL
                           maps/scripts/CorSisTB.js.map    434 KiB                             CorSisTB  [emitted] [dev]  CorSisTB
                           maps/scripts/CorSisTI.js.map   11.6 KiB                             CorSisTI  [emitted] [dev]  CorSisTI
                           maps/scripts/CorSisTU.js.map   56.7 KiB                             CorSisTU  [emitted] [dev]  CorSisTU
                           maps/scripts/CorSisUT.js.map   8.48 KiB                             CorSisUT  [emitted] [dev]  CorSisUT
                           maps/scripts/CorSisVM.js.map   26.1 KiB                             CorSisVM  [emitted] [dev]  CorSisVM
                           maps/scripts/CorSisVT.js.map   11.8 KiB                             CorSisVT  [emitted] [dev]  CorSisVT
                      maps/scripts/corsis--chunk.js.map   1020 KiB                        corsis--chunk  [emitted] [dev]  corsis--chunk
                              maps/scripts/index.js.map   98.8 MiB                                 main  [emitted] [dev]  main
                maps/scripts/vendors~pdfjsWorker.js.map   1.87 MiB                  vendors~pdfjsWorker  [emitted] [dev]  vendors~pdfjsWorker
maps/scripts/vendors~schematics-dx-code-analyzer.js.map   3.77 MiB  vendors~schematics-dx-code-analyzer  [emitted] [dev]  vendors~schematics-dx-code-analyzer
  maps/scripts/vendors~schematics-dx-code-editor.js.map   3.25 MiB    vendors~schematics-dx-code-editor  [emitted] [dev]  vendors~schematics-dx-code-editor
                              maps/styles/index.css.map   7.49 KiB                                 main  [emitted] [dev]  main
                                         rtl/index.html  951 bytes                                       [emitted]        
                                    scripts/CorSegF6.js   53.5 KiB                             CorSegF6  [emitted]        CorSegF6
                                    scripts/CorSisAC.js    144 KiB                             CorSisAC  [emitted]        CorSisAC
                                    scripts/CorSisAI.js    135 KiB                             CorSisAI  [emitted]        CorSisAI
                                    scripts/CorSisBS.js   20.4 KiB                             CorSisBS  [emitted]        CorSisBS
                                    scripts/CorSisCM.js   57.3 KiB                             CorSisCM  [emitted]        CorSisCM
                                    scripts/CorSisCO.js    195 KiB                             CorSisCO  [emitted]        CorSisCO
                                    scripts/CorSisDM.js   80.5 KiB                             CorSisDM  [emitted]        CorSisDM
                                    scripts/CorSisE1.js   25.9 KiB                             CorSisE1  [emitted]        CorSisE1
                                    scripts/CorSisES.js     25 KiB                             CorSisES  [emitted]        CorSisES
                                    scripts/CorSisEX.js    116 KiB                             CorSisEX  [emitted]        CorSisEX
                                    scripts/CorSisF8.js    263 KiB                             CorSisF8  [emitted]        CorSisF8
                                    scripts/CorSisFA.js   52.6 KiB                             CorSisFA  [emitted]        CorSisFA
                                    scripts/CorSisFD.js    169 KiB                             CorSisFD  [emitted]        CorSisFD
                                    scripts/CorSisFN.js    194 KiB                             CorSisFN  [emitted]        CorSisFN
                                    scripts/CorSisFO.js   1.78 MiB                             CorSisFO  [emitted]        CorSisFO
                                    scripts/CorSisFP.js   10.7 KiB                             CorSisFP  [emitted]        CorSisFP
                                    scripts/CorSisGC.js    291 KiB                             CorSisGC  [emitted]        CorSisGC
                                    scripts/CorSisGD.js    754 KiB                             CorSisGD  [emitted]        CorSisGD
                                    scripts/CorSisGI.js   59.3 KiB                             CorSisGI  [emitted]        CorSisGI
                                    scripts/CorSisIG.js   63.4 KiB                             CorSisIG  [emitted]        CorSisIG
                                    scripts/CorSisIN.js   7.43 KiB                             CorSisIN  [emitted]        CorSisIN
                                    scripts/CorSisKM.js   38.3 KiB                             CorSisKM  [emitted]        CorSisKM
                                    scripts/CorSisLM.js    209 KiB                             CorSisLM  [emitted]        CorSisLM
                                    scripts/CorSisMA.js   60.5 KiB                             CorSisMA  [emitted]        CorSisMA
                                    scripts/CorSisMX.js    270 KiB                             CorSisMX  [emitted]        CorSisMX
                                    scripts/CorSisPS.js   24.1 KiB                             CorSisPS  [emitted]        CorSisPS
                                    scripts/CorSisPW.js   61.4 KiB                             CorSisPW  [emitted]        CorSisPW
                                    scripts/CorSisRU.js   12.8 KiB                             CorSisRU  [emitted]        CorSisRU
                                    scripts/CorSisSL.js   29.5 KiB                             CorSisSL  [emitted]        CorSisSL
                                    scripts/CorSisTB.js    436 KiB                             CorSisTB  [emitted]        CorSisTB
                                    scripts/CorSisTI.js     12 KiB                             CorSisTI  [emitted]        CorSisTI
                                    scripts/CorSisTU.js   58.6 KiB                             CorSisTU  [emitted]        CorSisTU
                                    scripts/CorSisUT.js   9.27 KiB                             CorSisUT  [emitted]        CorSisUT
                                    scripts/CorSisVM.js   26.8 KiB                             CorSisVM  [emitted]        CorSisVM
                                    scripts/CorSisVT.js   12.4 KiB                             CorSisVT  [emitted]        CorSisVT
                               scripts/corsis--chunk.js   1.02 MiB                        corsis--chunk  [emitted]        corsis--chunk
                                       scripts/index.js   95.1 MiB                                 main  [emitted]        main
                         scripts/vendors~pdfjsWorker.js   1.55 MiB                  vendors~pdfjsWorker  [emitted]        vendors~pdfjsWorker
         scripts/vendors~schematics-dx-code-analyzer.js   3.63 MiB  vendors~schematics-dx-code-analyzer  [emitted]        vendors~schematics-dx-code-analyzer
           scripts/vendors~schematics-dx-code-editor.js    3.2 MiB    vendors~schematics-dx-code-editor  [emitted]        vendors~schematics-dx-code-editor
                                   styles/index-rtl.css    379 KiB                                       [emitted]        
                                       styles/index.css    298 KiB                                 main  [emitted]        main
Entrypoint main = styles/index.css scripts/index.js maps/styles/index.css.map maps/scripts/index.js.map (prefetch: scripts/corsis--chunk.js maps/scripts/corsis--chunk.js.map)
[1] multi (webpack)-dev-server/client?protocol=ws%3A&hostname=0.0.0.0&port=3000&pathname=%2Fws&logging=warn&progress=false&overlay=false&reconnect=10&hot=true&live-reload=true (webpack)/hot/dev-server.js ./src/app/index.module.js 52 bytes {main} [built]
[+gfj] (webpack)-dev-server/client/overlay.js 11.1 KiB {main} [built]
[33u2] ./node_modules/@philips-internal/odin-ext/lib/index.js 2.33 KiB {main} [built]
[3nnA] ./src/app/wFCore/SecurityAdapterModule.js 722 bytes {main} [built]
[56O9] (webpack)/hot/dev-server.js 1.59 KiB {main} [built]
[5H/a] (webpack)-dev-server/client?protocol=ws%3A&hostname=0.0.0.0&port=3000&pathname=%2Fws&logging=warn&progress=false&overlay=false&reconnect=10&hot=true&live-reload=true 10.8 KiB {main} [built]
[8/Il] ./src/app/_module.js 198 bytes {main} [built]
[A4US] (webpack)-dev-server/client/utils/log.js 1.15 KiB {main} [built]
[FWmP] (webpack)-dev-server/client/utils/reloadApp.js 2.03 KiB {main} [built]
[G90S] ./src/app/index.routes.js 20.9 KiB {main} [built]
[GkzX] ./src/app/common/odin-utils/index.js 74 bytes {main} [built]
[LA7G] (webpack)-dev-server/client/utils/createSocketURL.js 4.27 KiB {main} [built]
[MvqH] ./src/app/components/components.module.js 11.9 KiB {main} [built]
[O6Hs] ./node_modules/@philips-internal/odin/lib/index.js 2.37 KiB {main} [built]
[YSdA] ./src/app/index.module.js 6.03 KiB {main} [built]
    + 10521 hidden modules
Child HtmlWebpackCompiler:
                          Asset     Size               Chunks  Chunk Names
    __child-HtmlWebpackPlugin_0  4.7 KiB  HtmlWebpackPlugin_0  HtmlWebpackPlugin_0
    Entrypoint HtmlWebpackPlugin_0 = __child-HtmlWebpackPlugin_0
    [MFLM] ./node_modules/html-webpack-plugin/lib/loader.js!./src/index.html 855 bytes {HtmlWebpackPlugin_0} [built]
Child mini-css-extract-plugin node_modules/css-loader/dist/cjs.js!node_modules/@philips-emr/tasy-framework/app/components/atoms/w-navigation-control/w-navigation-control.css:
    Entrypoint mini-css-extract-plugin = *
    [JPst] ./node_modules/css-loader/dist/runtime/api.js 2.46 KiB {mini-css-extract-plugin} [built]
    [ykoa] ./node_modules/css-loader/dist/cjs.js!./node_modules/@philips-emr/tasy-framework/app/components/atoms/w-navigation-control/w-navigation-control.css 1.26 KiB {mini-css-extract-plugin} [built]
Child mini-css-extract-plugin node_modules/css-loader/dist/cjs.js!node_modules/@philips-internal/emr-tasy-wate-document/dist/index.css:
    Entrypoint mini-css-extract-plugin = *
    [JPst] ./node_modules/css-loader/dist/runtime/api.js 2.46 KiB {mini-css-extract-plugin} [built]
    [ilU5] ./node_modules/css-loader/dist/cjs.js!./node_modules/@philips-internal/emr-tasy-wate-document/dist/index.css 8.58 KiB {mini-css-extract-plugin} [built]
Child mini-css-extract-plugin node_modules/css-loader/dist/cjs.js!node_modules/X-SlickGrid/controls/slick.columnpicker.css:
    Entrypoint mini-css-extract-plugin = *
    [JPst] ./node_modules/css-loader/dist/runtime/api.js 2.46 KiB {mini-css-extract-plugin} [built]
    [ufeV] ./node_modules/css-loader/dist/cjs.js!./node_modules/X-SlickGrid/controls/slick.columnpicker.css 1.21 KiB {mini-css-extract-plugin} [built]
Child mini-css-extract-plugin node_modules/css-loader/dist/cjs.js!node_modules/X-SlickGrid/plugins/slick.headerbuttons.css:
    Entrypoint mini-css-extract-plugin = *
    [JPst] ./node_modules/css-loader/dist/runtime/api.js 2.46 KiB {mini-css-extract-plugin} [built]
    [V10J] ./node_modules/css-loader/dist/cjs.js!./node_modules/X-SlickGrid/plugins/slick.headerbuttons.css 1.19 KiB {mini-css-extract-plugin} [built]
Child mini-css-extract-plugin node_modules/css-loader/dist/cjs.js!node_modules/X-SlickGrid/slick-default-theme.css:
    Entrypoint mini-css-extract-plugin = *
    [HeW1] ./node_modules/css-loader/dist/runtime/getUrl.js 830 bytes {mini-css-extract-plugin} [built]
    [JPst] ./node_modules/css-loader/dist/runtime/api.js 2.46 KiB {mini-css-extract-plugin} [built]
    [JZOK] ./node_modules/X-SlickGrid/images/expand.gif 0 bytes {mini-css-extract-plugin} [built]
    [JidS] ./node_modules/X-SlickGrid/images/header-columns-bg.gif 0 bytes {mini-css-extract-plugin} [built]
    [vSKQ] ./node_modules/css-loader/dist/cjs.js!./node_modules/X-SlickGrid/slick-default-theme.css 3.6 KiB {mini-css-extract-plugin} [built]
    [wPEA] ./node_modules/X-SlickGrid/images/collapse.gif 0 bytes {mini-css-extract-plugin} [built]
    [xfXZ] ./node_modules/X-SlickGrid/images/header-columns-over-bg.gif 0 bytes {mini-css-extract-plugin} [built]
Child mini-css-extract-plugin node_modules/css-loader/dist/cjs.js!node_modules/X-SlickGrid/slick.grid.css:
    Entrypoint mini-css-extract-plugin = *
    [4DAt] ./node_modules/X-SlickGrid/images/sort-asc.gif 0 bytes {mini-css-extract-plugin} [built]
    [HeW1] ./node_modules/css-loader/dist/runtime/getUrl.js 830 bytes {mini-css-extract-plugin} [built]
    [JPst] ./node_modules/css-loader/dist/runtime/api.js 2.46 KiB {mini-css-extract-plugin} [built]
    [UTAf] ./node_modules/X-SlickGrid/images/sort-desc.gif 0 bytes {mini-css-extract-plugin} [built]
    [w6ka] ./node_modules/css-loader/dist/cjs.js!./node_modules/X-SlickGrid/slick.grid.css 4.9 KiB {mini-css-extract-plugin} [built]
Child mini-css-extract-plugin node_modules/css-loader/dist/cjs.js!node_modules/angular-gantt/assets/angular-gantt-plugins.css:
    Entrypoint mini-css-extract-plugin = *
    [JPst] ./node_modules/css-loader/dist/runtime/api.js 2.46 KiB {mini-css-extract-plugin} [built]
    [xYIk] ./node_modules/css-loader/dist/cjs.js!./node_modules/angular-gantt/assets/angular-gantt-plugins.css 7.27 KiB {mini-css-extract-plugin} [built]
Child mini-css-extract-plugin node_modules/css-loader/dist/cjs.js!node_modules/angular-gantt/assets/angular-gantt.css:
    Entrypoint mini-css-extract-plugin = *
    [+WEs] ./node_modules/css-loader/dist/cjs.js!./node_modules/angular-gantt/assets/angular-gantt.css 6.18 KiB {mini-css-extract-plugin} [built]
    [JPst] ./node_modules/css-loader/dist/runtime/api.js 2.46 KiB {mini-css-extract-plugin} [built]
Child mini-css-extract-plugin node_modules/css-loader/dist/cjs.js!node_modules/angular-hotkeys/build/hotkeys.css:
    Entrypoint mini-css-extract-plugin = *
    [1gNS] ./node_modules/css-loader/dist/cjs.js!./node_modules/angular-hotkeys/build/hotkeys.css 2.13 KiB {mini-css-extract-plugin} [built]
    [JPst] ./node_modules/css-loader/dist/runtime/api.js 2.46 KiB {mini-css-extract-plugin} [built]
Child mini-css-extract-plugin node_modules/css-loader/dist/cjs.js!node_modules/angular-ui-grid/ui-grid.css:
    Entrypoint mini-css-extract-plugin = *
    [HeW1] ./node_modules/css-loader/dist/runtime/getUrl.js 830 bytes {mini-css-extract-plugin} [built]
    [JPst] ./node_modules/css-loader/dist/runtime/api.js 2.46 KiB {mini-css-extract-plugin} [built]
    [JTrm] ./node_modules/angular-ui-grid/ui-grid.svg 0 bytes {mini-css-extract-plugin} [built]
    [KLQC] ./node_modules/angular-ui-grid/ui-grid.ttf 0 bytes {mini-css-extract-plugin} [built]
    [NImq] ./node_modules/angular-ui-grid/ui-grid.woff 0 bytes {mini-css-extract-plugin} [built]
    [iuIu] ./node_modules/css-loader/dist/cjs.js!./node_modules/angular-ui-grid/ui-grid.css 50.9 KiB {mini-css-extract-plugin} [built]
    [pkA3] ./node_modules/angular-ui-grid/ui-grid.eot 0 bytes {mini-css-extract-plugin} [built]
Child mini-css-extract-plugin node_modules/css-loader/dist/cjs.js!node_modules/angular-ui-tree/dist/angular-ui-tree.min.css:
    Entrypoint mini-css-extract-plugin = *
    [JPst] ./node_modules/css-loader/dist/runtime/api.js 2.46 KiB {mini-css-extract-plugin} [built]
    [PT/J] ./node_modules/css-loader/dist/cjs.js!./node_modules/angular-ui-tree/dist/angular-ui-tree.min.css 1.51 KiB {mini-css-extract-plugin} [built]
Child mini-css-extract-plugin node_modules/css-loader/dist/cjs.js!node_modules/angularjs-color-picker/angularjs-color-picker.css:
    Entrypoint mini-css-extract-plugin = *
    [Dzyr] ./node_modules/css-loader/dist/cjs.js!./node_modules/angularjs-color-picker/angularjs-color-picker.css 105 KiB {mini-css-extract-plugin} [built]
    [JPst] ./node_modules/css-loader/dist/runtime/api.js 2.46 KiB {mini-css-extract-plugin} [built]
Child mini-css-extract-plugin node_modules/css-loader/dist/cjs.js!node_modules/c3/c3.css:
    Entrypoint mini-css-extract-plugin = *
    [JPst] ./node_modules/css-loader/dist/runtime/api.js 2.46 KiB {mini-css-extract-plugin} [built]
    [ZK/Q] ./node_modules/css-loader/dist/cjs.js!./node_modules/c3/c3.css 3.17 KiB {mini-css-extract-plugin} [built]
Child mini-css-extract-plugin node_modules/css-loader/dist/cjs.js!node_modules/chart.js/dist/Chart.min.css:
    Entrypoint mini-css-extract-plugin = *
    [JPst] ./node_modules/css-loader/dist/runtime/api.js 2.46 KiB {mini-css-extract-plugin} [built]
    [xz4l] ./node_modules/css-loader/dist/cjs.js!./node_modules/chart.js/dist/Chart.min.css 743 bytes {mini-css-extract-plugin} [built]
Child mini-css-extract-plugin node_modules/css-loader/dist/cjs.js!node_modules/gridstack/dist/gridstack.css:
    Entrypoint mini-css-extract-plugin = *
    [+RII] ./node_modules/css-loader/dist/cjs.js!./node_modules/gridstack/dist/gridstack.css 10.6 KiB {mini-css-extract-plugin} [built]
    [JPst] ./node_modules/css-loader/dist/runtime/api.js 2.46 KiB {mini-css-extract-plugin} [built]
Child mini-css-extract-plugin node_modules/css-loader/dist/cjs.js!node_modules/highlight.js/styles/default.css:
    Entrypoint mini-css-extract-plugin = *
    [3LHt] ./node_modules/css-loader/dist/cjs.js!./node_modules/highlight.js/styles/default.css 2.21 KiB {mini-css-extract-plugin} [built]
    [JPst] ./node_modules/css-loader/dist/runtime/api.js 2.46 KiB {mini-css-extract-plugin} [built]
Child mini-css-extract-plugin node_modules/css-loader/dist/cjs.js!node_modules/malihu-custom-scrollbar-plugin/jquery.mCustomScrollbar.css:
    Entrypoint mini-css-extract-plugin = *
    [HeW1] ./node_modules/css-loader/dist/runtime/getUrl.js 830 bytes {mini-css-extract-plugin} [built]
    [JPst] ./node_modules/css-loader/dist/runtime/api.js 2.46 KiB {mini-css-extract-plugin} [built]
    [R05J] ./node_modules/malihu-custom-scrollbar-plugin/mCSB_buttons.png 0 bytes {mini-css-extract-plugin} [built]
    [zPDP] ./node_modules/css-loader/dist/cjs.js!./node_modules/malihu-custom-scrollbar-plugin/jquery.mCustomScrollbar.css 58.1 KiB {mini-css-extract-plugin} [built]
Child mini-css-extract-plugin node_modules/css-loader/dist/cjs.js!node_modules/ng-dialog/css/ngDialog-theme-default.css:
    Entrypoint mini-css-extract-plugin = *
    [JPst] ./node_modules/css-loader/dist/runtime/api.js 2.46 KiB {mini-css-extract-plugin} [built]
    [npvf] ./node_modules/css-loader/dist/cjs.js!./node_modules/ng-dialog/css/ngDialog-theme-default.css 4.6 KiB {mini-css-extract-plugin} [built]
Child mini-css-extract-plugin node_modules/css-loader/dist/cjs.js!node_modules/ng-dialog/css/ngDialog-theme-plain.css:
    Entrypoint mini-css-extract-plugin = *
    [8KAu] ./node_modules/css-loader/dist/cjs.js!./node_modules/ng-dialog/css/ngDialog-theme-plain.css 3.68 KiB {mini-css-extract-plugin} [built]
    [JPst] ./node_modules/css-loader/dist/runtime/api.js 2.46 KiB {mini-css-extract-plugin} [built]
Child mini-css-extract-plugin node_modules/css-loader/dist/cjs.js!node_modules/ng-dialog/css/ngDialog.css:
    Entrypoint mini-css-extract-plugin = *
    [JPst] ./node_modules/css-loader/dist/runtime/api.js 2.46 KiB {mini-css-extract-plugin} [built]
    [K/+W] ./node_modules/css-loader/dist/cjs.js!./node_modules/ng-dialog/css/ngDialog.css 2.14 KiB {mini-css-extract-plugin} [built]
Child mini-css-extract-plugin node_modules/css-loader/dist/cjs.js!node_modules/ng-tags-input/build/ng-tags-input.css:
    Entrypoint mini-css-extract-plugin = *
    [JPst] ./node_modules/css-loader/dist/runtime/api.js 2.46 KiB {mini-css-extract-plugin} [built]
    [nTKQ] ./node_modules/css-loader/dist/cjs.js!./node_modules/ng-tags-input/build/ng-tags-input.css 4.37 KiB {mini-css-extract-plugin} [built]
Child mini-css-extract-plugin node_modules/css-loader/dist/cjs.js!node_modules/vis/dist/vis.css:
    Entrypoint mini-css-extract-plugin = *
    [/aoF] ./node_modules/vis/dist/img/network/plus.png 0 bytes {mini-css-extract-plugin} [built]
    [9K4e] ./node_modules/vis/dist/img/network/rightArrow.png 0 bytes {mini-css-extract-plugin} [built]
    [HeW1] ./node_modules/css-loader/dist/runtime/getUrl.js 830 bytes {mini-css-extract-plugin} [built]
    [J5sc] ./node_modules/vis/dist/img/network/zoomExtends.png 0 bytes {mini-css-extract-plugin} [built]
    [JPst] ./node_modules/css-loader/dist/runtime/api.js 2.46 KiB {mini-css-extract-plugin} [built]
    [Kq2g] ./node_modules/vis/dist/img/network/downArrow.png 0 bytes {mini-css-extract-plugin} [built]
    [LVw2] ./node_modules/vis/dist/img/network/upArrow.png 0 bytes {mini-css-extract-plugin} [built]
    [VVIk] ./node_modules/vis/dist/img/network/leftArrow.png 0 bytes {mini-css-extract-plugin} [built]
    [fo4g] ./node_modules/css-loader/dist/cjs.js!./node_modules/vis/dist/vis.css 35.3 KiB {mini-css-extract-plugin} [built]
    [gfV0] ./node_modules/vis/dist/img/network/backIcon.png 0 bytes {mini-css-extract-plugin} [built]
    [im9Y] ./node_modules/vis/dist/img/network/cross.png 0 bytes {mini-css-extract-plugin} [built]
    [jdDm] ./node_modules/vis/dist/img/network/connectIcon.png 0 bytes {mini-css-extract-plugin} [built]
    [lPup] ./node_modules/vis/dist/img/network/editIcon.png 0 bytes {mini-css-extract-plugin} [built]
    [nJDm] ./node_modules/vis/dist/img/timeline/delete.png 0 bytes {mini-css-extract-plugin} [built]
    [oqYh] ./node_modules/vis/dist/img/network/deleteIcon.png 0 bytes {mini-css-extract-plugin} [built]
        + 2 hidden modules
